<?xml version="1.0" encoding="UTF-8"?>
<!-- Generated by org.testng.reporters.JUnitReportReporter -->
<testsuite hostname="DESKTOP-CL2AM3I" failures="0" tests="1" name="com.learntestng.SampleTest" time="0.001" errors="0" timestamp="7 Feb 2020 21:08:41 GMT">
  <testcase classname="com.learntestng.SampleTest" name="test2" time="0.001"/>
</testsuite> <!-- com.learntestng.SampleTest -->
